<?xml version="1.0" encoding="UTF-8"?>
<!-- Generated by org.testng.reporters.JUnitReportReporter -->
<testsuite hostname="hemavijay" failures="0" tests="8" name="Practice.Working_with_TestAnnotaion2" time="0.060" errors="0" timestamp="2023-10-19T09:02:12 IST" skipped="1">
  <testcase classname="Practice.Working_with_TestAnnotaion2" name="register" time="0.012"/>
  <testcase classname="Practice.Working_with_TestAnnotaion2" name="register" time="0.017"/>
  <testcase classname="Practice.Working_with_TestAnnotaion2" name="register" time="0.005"/>
  <testcase classname="Practice.Working_with_TestAnnotaion2" name="register" time="0.009"/>
  <testcase classname="Practice.Working_with_TestAnnotaion2" name="register" time="0.012"/>
  <testcase classname="Practice.Working_with_TestAnnotaion2" name="login" time="0.003"/>
  <testcase classname="Practice.Working_with_TestAnnotaion2" name="placeOrder" time="0.002"/>
  <testcase classname="Practice.Working_with_TestAnnotaion2" name="addToCart">
    <skipped/>
  </testcase> <!-- addToCart -->
</testsuite> <!-- Practice.Working_with_TestAnnotaion2 -->
