<?xml version="1.0" encoding="UTF-8"?>
<!-- Generated by org.testng.reporters.JUnitReportReporter -->
<testsuite hostname="hemavijay" failures="0" tests="1" name="Practice.Working_with_SoftAssertion" time="36.526" errors="0" timestamp="2023-10-26T08:31:45 IST" skipped="0">
  <testcase classname="Practice.Working_with_SoftAssertion" name="Testcase01" time="36.526"/>
</testsuite> <!-- Practice.Working_with_SoftAssertion -->
