<?xml version="1.0" encoding="UTF-8"?>
<!-- Generated by org.testng.reporters.JUnitReportReporter -->
<testsuite hostname="hemavijay" failures="0" tests="1" name="Practice.Working_with_TestAnnotation" time="0.022" errors="0" timestamp="2023-10-19T08:13:17 IST" skipped="0">
  <testcase classname="Practice.Working_with_TestAnnotation" name="testcase" time="0.022"/>
</testsuite> <!-- Practice.Working_with_TestAnnotation -->
