<?xml version="1.0" encoding="UTF-8"?>
<!-- Generated by org.testng.reporters.JUnitReportReporter -->
<testsuite hostname="hemavijay" failures="0" tests="2" name="Practice.Working_with_DependsonMethods" time="0.021" errors="0" timestamp="2023-10-20T07:27:41 IST" skipped="0">
  <testcase classname="Practice.Working_with_DependsonMethods" name="login" time="0.003"/>
  <testcase classname="Practice.Working_with_DependsonMethods" name="registration" time="0.018"/>
</testsuite> <!-- Practice.Working_with_DependsonMethods -->
